[01m[K/home/chris/catkin_ws/src/CrazyS/rotors_control/src/nodes/lqr_feedforward_controller_node.cpp:[m[K In member function â€˜[01m[Kvoid rotors_control::LQRControllerNode::UpdateController()[m[Kâ€™:
[01m[K/home/chris/catkin_ws/src/CrazyS/rotors_control/src/nodes/lqr_feedforward_controller_node.cpp:235:9:[m[K [01;31m[Kerror: [m[Kâ€˜[01m[KwaypointHasBeenPublished_[m[Kâ€™ was not declared in this scope
  235 |     if ([01;31m[KwaypointHasBeenPublished_[m[K)
      |         [01;31m[K^~~~~~~~~~~~~~~~~~~~~~~~~[m[K
make[2]: *** [CMakeFiles/lqr_feedforward_controller_node.dir/build.make:63: CMakeFiles/lqr_feedforward_controller_node.dir/src/nodes/lqr_feedforward_controller_node.cpp.o] Error 1
make[1]: *** [CMakeFiles/Makefile2:1845: CMakeFiles/lqr_feedforward_controller_node.dir/all] Error 2
make[1]: *** Waiting for unfinished jobs....
make: *** [Makefile:130: all] Error 2
