[01m[K/home/chris/catkin_ws/src/CrazyS/rotors_control/src/library/lqr_feedforward_controller.cpp:90:10:[m[K [01;31m[Kerror: [m[Kno declaration matches â€˜[01m[Kvoid rotors_control::LQRFeedforwardController::SetNextState(const VectorXd&)[m[Kâ€™
   90 |     void [01;31m[KLQRFeedforwardController[m[K::SetNextState(const Eigen::VectorXd &next_state)
      |          [01;31m[K^~~~~~~~~~~~~~~~~~~~~~~~[m[K
[01m[K/home/chris/catkin_ws/src/CrazyS/rotors_control/src/library/lqr_feedforward_controller.cpp:90:10:[m[K [01;36m[Knote: [m[Kno functions named â€˜[01m[Kvoid rotors_control::LQRFeedforwardController::SetNextState(const VectorXd&)[m[Kâ€™
In file included from [01m[K/home/chris/catkin_ws/src/CrazyS/rotors_control/src/library/lqr_feedforward_controller.cpp:1[m[K:
[01m[K/home/chris/catkin_ws/src/CrazyS/rotors_control/include/rotors_control/lqr_feedforward_controller.h:40:7:[m[K [01;36m[Knote: [m[Kâ€˜[01m[Kclass rotors_control::LQRFeedforwardController[m[Kâ€™ defined here
   40 | class [01;36m[KLQRFeedforwardController[m[K {
      |       [01;36m[K^~~~~~~~~~~~~~~~~~~~~~~~[m[K
make[2]: *** [CMakeFiles/lqr_feedforward_controller.dir/build.make:63: CMakeFiles/lqr_feedforward_controller.dir/src/library/lqr_feedforward_controller.cpp.o] Error 1
make[1]: *** [CMakeFiles/Makefile2:1773: CMakeFiles/lqr_feedforward_controller.dir/all] Error 2
make: *** [Makefile:130: all] Error 2
