[01m[K/home/chris/catkin_ws/src/CrazyS/rotors_control/src/nodes/lqr_feedforward_controller_node.cpp:195:8:[m[K [01;31m[Kerror: [m[Kno declaration matches â€˜[01m[Kvoid rotors_control::LQRControllerNode::SetDesiredState(const VectorXd&)[m[Kâ€™
  195 |   void [01;31m[KLQRControllerNode[m[K::SetDesiredState(const Eigen::VectorXd &desired_state)
      |        [01;31m[K^~~~~~~~~~~~~~~~~[m[K
[01m[K/home/chris/catkin_ws/src/CrazyS/rotors_control/src/nodes/lqr_feedforward_controller_node.cpp:195:8:[m[K [01;36m[Knote: [m[Kno functions named â€˜[01m[Kvoid rotors_control::LQRControllerNode::SetDesiredState(const VectorXd&)[m[Kâ€™
In file included from [01m[K/home/chris/catkin_ws/src/CrazyS/rotors_control/src/nodes/lqr_feedforward_controller_node.cpp:2[m[K:
[01m[K/home/chris/catkin_ws/src/CrazyS/rotors_control/src/nodes/attitude_controller_node.h:29:7:[m[K [01;36m[Knote: [m[Kâ€˜[01m[Kclass rotors_control::LQRControllerNode[m[Kâ€™ defined here
   29 | class [01;36m[KLQRControllerNode[m[K {
      |       [01;36m[K^~~~~~~~~~~~~~~~~[m[K
[01m[K/home/chris/catkin_ws/src/CrazyS/rotors_control/src/nodes/lqr_feedforward_controller_node.cpp:[m[K In function â€˜[01m[Kint main(int, char**)[m[Kâ€™:
[01m[K/home/chris/catkin_ws/src/CrazyS/rotors_control/src/nodes/lqr_feedforward_controller_node.cpp:264:23:[m[K [01;31m[Kerror: [m[Kâ€˜[01m[Kclass rotors_control::LQRControllerNode[m[Kâ€™ has no member named â€˜[01m[KSetDesiredState[m[Kâ€™
  264 |   lqr_controller_node.[01;31m[KSetDesiredState[m[K(desired_state);
      |                       [01;31m[K^~~~~~~~~~~~~~~[m[K
make[2]: *** [CMakeFiles/lqr_feedforward_controller_node.dir/build.make:63: CMakeFiles/lqr_feedforward_controller_node.dir/src/nodes/lqr_feedforward_controller_node.cpp.o] Error 1
make[1]: *** [CMakeFiles/Makefile2:1845: CMakeFiles/lqr_feedforward_controller_node.dir/all] Error 2
make: *** [Makefile:130: all] Error 2
