[01m[K/home/chris/catkin_ws/src/CrazyS/rotors_control/src/nodes/lqr_feedforward_controller_node.cpp:[m[K In member function â€˜[01m[Kvoid rotors_control::LQRControllerNode::MultiDofJointTrajectoryCallback(const MultiDOFJointTrajectoryConstPtr&)[m[Kâ€™:
[01m[K/home/chris/catkin_ws/src/CrazyS/rotors_control/src/nodes/lqr_feedforward_controller_node.cpp:90:5:[m[K [01;31m[Kerror: [m[Kâ€˜[01m[KsetDesiredState[m[Kâ€™ was not declared in this scope
   90 |     [01;31m[KsetDesiredState[m[K(desired_state);
      |     [01;31m[K^~~~~~~~~~~~~~~[m[K
[01m[K/home/chris/catkin_ws/src/CrazyS/rotors_control/src/nodes/lqr_feedforward_controller_node.cpp:[m[K In member function â€˜[01m[Kvoid rotors_control::LQRControllerNode::UpdateController()[m[Kâ€™:
[01m[K/home/chris/catkin_ws/src/CrazyS/rotors_control/src/nodes/lqr_feedforward_controller_node.cpp:212:21:[m[K [01;31m[Kerror: [m[Kâ€˜[01m[Kcommand_trajectory[m[Kâ€™ was not declared in this scope
  212 |       x_reference = [01;31m[Kcommand_trajectory[m[K.positionW[0];
      |                     [01;31m[K^~~~~~~~~~~~~~~~~~[m[K
[01m[K/home/chris/catkin_ws/src/CrazyS/rotors_control/src/nodes/lqr_feedforward_controller_node.cpp:228:31:[m[K [01;31m[Kerror: [m[Kâ€˜[01m[Kstate[m[Kâ€™ was not declared in this scope; did you mean â€˜[01m[Kstate_t[m[Kâ€™?
  228 |       x_error = x_reference - [01;31m[Kstate[m[K.position.x;
      |                               [01;31m[K^~~~~[m[K
      |                               [32m[Kstate_t[m[K
[01m[K/home/chris/catkin_ws/src/CrazyS/rotors_control/src/nodes/lqr_feedforward_controller_node.cpp:260:45:[m[K [01;31m[Kerror: [m[Kâ€˜[01m[Knext_state_[m[Kâ€™ was not declared in this scope
  260 |       Eigen::VectorXd control_input = -K * ([01;31m[Knext_state_[m[K - desired_state_);
      |                                             [01;31m[K^~~~~~~~~~~[m[K
make[2]: *** [CMakeFiles/lqr_feedforward_controller_node.dir/build.make:63: CMakeFiles/lqr_feedforward_controller_node.dir/src/nodes/lqr_feedforward_controller_node.cpp.o] Error 1
make[1]: *** [CMakeFiles/Makefile2:1845: CMakeFiles/lqr_feedforward_controller_node.dir/all] Error 2
make: *** [Makefile:130: all] Error 2
