[01m[K/home/chris/catkin_ws/src/CrazyS/rotors_control/src/library/position_controller_v2.cpp:[m[K In member function â€˜[01m[Kvoid rotors_control::PositionController::SetControllerGains()[m[Kâ€™:
[01m[K/home/chris/catkin_ws/src/CrazyS/rotors_control/src/library/position_controller_v2.cpp:125:40:[m[K [01;31m[Kerror: [m[Kexpected primary-expression before â€˜[01m[K([m[Kâ€™ token
  125 |         rate_gain_ki_ = Eigen::Vector3f[01;31m[K([m[Kcontroller_parameters_.rate_gain_ki_.x() , controller_parameters_.rate_gain_ki_.y() , controller_parameters_.rate_gain_ki_.z() ;
      |                                        [01;31m[K^[m[K
[01m[K/home/chris/catkin_ws/src/CrazyS/rotors_control/src/library/position_controller_v2.cpp:125:167:[m[K [01;31m[Kerror: [m[Kexpected â€˜[01m[K)[m[Kâ€™ before â€˜[01m[K;[m[Kâ€™ token
  125 |         rate_gain_ki_ = Eigen::Vector3f[34m[K([m[Kcontroller_parameters_.rate_gain_ki_.x() , controller_parameters_.rate_gain_ki_.y() , controller_parameters_.rate_gain_ki_.z()[01;31m[K [m[K[32m[K;[m[K
      |                                        [34m[K~[m[K                                                                                                                              [01;31m[K^[m[K[32m[K~[m[K
      |                                                                                                                                                                       [32m[K)[m[K
make[2]: *** [CMakeFiles/position_controller_v2.dir/build.make:63: CMakeFiles/position_controller_v2.dir/src/library/position_controller_v2.cpp.o] Error 1
make[1]: *** [CMakeFiles/Makefile2:1702: CMakeFiles/position_controller_v2.dir/all] Error 2
make[1]: *** Waiting for unfinished jobs....
make: *** [Makefile:130: all] Error 2
