[  0%] Built target sensor_msgs_generate_messages_nodejs
[  0%] Built target trajectory_msgs_generate_messages_lisp
[  0%] Built target trajectory_msgs_generate_messages_nodejs
[  0%] Built target mav_msgs_generate_messages_py
[  0%] Built target nav_msgs_generate_messages_eus
[  0%] Built target mav_msgs_generate_messages_nodejs
[  0%] Built target roscpp_generate_messages_cpp
[  0%] Built target mav_msgs_generate_messages_lisp
[  0%] Built target std_msgs_generate_messages_cpp
[  0%] Built target nav_msgs_generate_messages_lisp
[  0%] Built target nav_msgs_generate_messages_cpp
[  0%] Built target rosgraph_msgs_generate_messages_eus
[  0%] Built target geometry_msgs_generate_messages_py
[  0%] Built target nav_msgs_generate_messages_py
[  0%] Built target sensor_msgs_generate_messages_py
[  0%] Built target rosgraph_msgs_generate_messages_lisp
[  0%] Built target actionlib_msgs_generate_messages_eus
[  0%] Built target rosgraph_msgs_generate_messages_py
[  0%] Built target geometry_msgs_generate_messages_eus
[  0%] Built target std_msgs_generate_messages_nodejs
[  0%] Built target geometry_msgs_generate_messages_cpp
[  0%] Built target trajectory_msgs_generate_messages_cpp
[  0%] Built target geometry_msgs_generate_messages_lisp
[  0%] Built target actionlib_msgs_generate_messages_lisp
[  0%] Built target actionlib_msgs_generate_messages_nodejs
[  0%] Built target std_msgs_generate_messages_eus
[  0%] Built target std_msgs_generate_messages_py
[  0%] Built target actionlib_msgs_generate_messages_cpp
[  0%] Built target std_msgs_generate_messages_lisp
[  0%] Built target geometry_msgs_generate_messages_nodejs
[  0%] Built target mav_msgs_generate_messages_eus
[  0%] Built target mav_msgs_generate_messages_cpp
[  0%] Built target actionlib_msgs_generate_messages_py
[  0%] Built target rosgraph_msgs_generate_messages_nodejs
[  0%] Built target roscpp_generate_messages_eus
[  0%] Built target roscpp_generate_messages_nodejs
[  0%] Built target roscpp_generate_messages_lisp
[  0%] Built target trajectory_msgs_generate_messages_eus
[  0%] Built target roscpp_generate_messages_py
[  0%] Built target trajectory_msgs_generate_messages_py
[  0%] Built target nav_msgs_generate_messages_nodejs
[  0%] Built target rosgraph_msgs_generate_messages_cpp
[35m[1mScanning dependencies of target attitude_controller_v2[0m
[35m[1mScanning dependencies of target position_controller_v2[0m
[  0%] Built target sensor_msgs_generate_messages_lisp
[  0%] Built target sensor_msgs_generate_messages_eus
[  0%] Built target sensor_msgs_generate_messages_cpp
[  3%] [32mBuilding CXX object CMakeFiles/attitude_controller_v2.dir/src/library/attitude_controller_v2.cpp.o[0m
[  7%] [32mBuilding CXX object CMakeFiles/position_controller_v2.dir/src/library/position_controller_v2.cpp.o[0m
[ 15%] Built target sensfusion6
[ 23%] Built target attitude_controller
[ 30%] Built target lqr_feedforward_controller
[ 38%] Built target position_controller
[ 46%] Built target crazyflie_onboard_controller
[ 53%] Built target crazyflie_complementary_filter
[ 61%] Built target attitude_controller_node
[ 69%] Built target position_controller_node
[ 76%] Built target lqr_feedforward_controller_node
[01m[K/home/chris/catkin_ws/src/CrazyS/rotors_control/src/library/attitude_controller_v2.cpp:[m[K In member function â€˜[01m[Kvoid rotors_control::AttitudeController::SetControllerGains()[m[Kâ€™:
[01m[K/home/chris/catkin_ws/src/CrazyS/rotors_control/src/library/attitude_controller_v2.cpp:124:9:[m[K [01;31m[Kerror: [m[Kâ€˜[01m[Kattitude_gain_kp[m[Kâ€™ was not declared in this scope; did you mean â€˜[01m[Kattitude_gain_kp_[m[Kâ€™?
  124 |         [01;31m[Kattitude_gain_kp[m[K = *factor;
      |         [01;31m[K^~~~~~~~~~~~~~~~[m[K
      |         [32m[Kattitude_gain_kp_[m[K
[01m[K/home/chris/catkin_ws/src/CrazyS/rotors_control/src/library/attitude_controller_v2.cpp:124:29:[m[K [01;31m[Kerror: [m[Kinvalid type argument of unary â€˜[01m[K*[m[Kâ€™ (have â€˜[01m[Kdouble[m[Kâ€™)
  124 |         attitude_gain_kp = *[01;31m[Kfactor[m[K;
      |                             [01;31m[K^~~~~~[m[K
[01m[K/home/chris/catkin_ws/src/CrazyS/rotors_control/src/library/position_controller_v2.cpp:[m[K In member function â€˜[01m[Kvoid rotors_control::PositionController::SetControllerGains()[m[Kâ€™:
[01m[K/home/chris/catkin_ws/src/CrazyS/rotors_control/src/library/position_controller_v2.cpp:127:9:[m[K [01;31m[Kerror: [m[Kâ€˜[01m[Kattitude_gain_kp[m[Kâ€™ was not declared in this scope; did you mean â€˜[01m[Kattitude_gain_kp_[m[Kâ€™?
  127 |         [01;31m[Kattitude_gain_kp[m[K = *factor;
      |         [01;31m[K^~~~~~~~~~~~~~~~[m[K
      |         [32m[Kattitude_gain_kp_[m[K
[01m[K/home/chris/catkin_ws/src/CrazyS/rotors_control/src/library/position_controller_v2.cpp:127:29:[m[K [01;31m[Kerror: [m[Kinvalid type argument of unary â€˜[01m[K*[m[Kâ€™ (have â€˜[01m[Kdouble[m[Kâ€™)
  127 |         attitude_gain_kp = *[01;31m[Kfactor[m[K;
      |                             [01;31m[K^~~~~~[m[K
make[2]: *** [CMakeFiles/attitude_controller_v2.dir/build.make:63: CMakeFiles/attitude_controller_v2.dir/src/library/attitude_controller_v2.cpp.o] Error 1
make[1]: *** [CMakeFiles/Makefile2:327: CMakeFiles/attitude_controller_v2.dir/all] Error 2
make[1]: *** Waiting for unfinished jobs....
make[2]: *** [CMakeFiles/position_controller_v2.dir/build.make:63: CMakeFiles/position_controller_v2.dir/src/library/position_controller_v2.cpp.o] Error 1
make[1]: *** [CMakeFiles/Makefile2:1702: CMakeFiles/position_controller_v2.dir/all] Error 2
make: *** [Makefile:130: all] Error 2
