[  0%] Built target sensor_msgs_generate_messages_nodejs
[  0%] Built target trajectory_msgs_generate_messages_lisp
[  0%] Built target trajectory_msgs_generate_messages_nodejs
[  0%] Built target mav_msgs_generate_messages_py
[  0%] Built target nav_msgs_generate_messages_eus
[  0%] Built target mav_msgs_generate_messages_nodejs
[  0%] Built target roscpp_generate_messages_cpp
[  0%] Built target mav_msgs_generate_messages_lisp
[  0%] Built target std_msgs_generate_messages_cpp
[  0%] Built target nav_msgs_generate_messages_lisp
[  0%] Built target nav_msgs_generate_messages_cpp
[  0%] Built target rosgraph_msgs_generate_messages_eus
[  0%] Built target nav_msgs_generate_messages_py
[  0%] Built target geometry_msgs_generate_messages_py
[  0%] Built target sensor_msgs_generate_messages_py
[  0%] Built target rosgraph_msgs_generate_messages_lisp
[  0%] Built target actionlib_msgs_generate_messages_eus
[  0%] Built target rosgraph_msgs_generate_messages_py
[  0%] Built target geometry_msgs_generate_messages_eus
[  0%] Built target std_msgs_generate_messages_nodejs
[  0%] Built target geometry_msgs_generate_messages_cpp
[  0%] Built target trajectory_msgs_generate_messages_cpp
[  0%] Built target geometry_msgs_generate_messages_lisp
[  0%] Built target actionlib_msgs_generate_messages_lisp
[  0%] Built target actionlib_msgs_generate_messages_nodejs
[  0%] Built target std_msgs_generate_messages_py
[  0%] Built target std_msgs_generate_messages_eus
[  0%] Built target actionlib_msgs_generate_messages_cpp
[  0%] Built target std_msgs_generate_messages_lisp
[  0%] Built target mav_msgs_generate_messages_eus
[  0%] Built target mav_msgs_generate_messages_cpp
[  0%] Built target actionlib_msgs_generate_messages_py
[  0%] Built target geometry_msgs_generate_messages_nodejs
[  0%] Built target rosgraph_msgs_generate_messages_nodejs
[  0%] Built target roscpp_generate_messages_eus
[  0%] Built target roscpp_generate_messages_lisp
[  0%] Built target roscpp_generate_messages_nodejs
[  0%] Built target trajectory_msgs_generate_messages_eus
[  0%] Built target roscpp_generate_messages_py
[  0%] Built target trajectory_msgs_generate_messages_py
[  0%] Built target rosgraph_msgs_generate_messages_cpp
[  0%] Built target nav_msgs_generate_messages_nodejs
[  0%] Built target sensor_msgs_generate_messages_cpp
[  0%] Built target sensor_msgs_generate_messages_eus
[  0%] Built target sensor_msgs_generate_messages_lisp
[ 15%] Built target position_controller_v2
[ 15%] Built target attitude_controller_v2
[ 23%] Built target sensfusion6
[ 30%] Built target lqr_feedforward_controller
[ 38%] Built target attitude_controller
[ 46%] Built target crazyflie_onboard_controller
[ 53%] Built target position_controller
[35m[1mScanning dependencies of target lqr_feedforward_controller_node[0m
[ 61%] Built target crazyflie_complementary_filter
[ 69%] Built target attitude_controller_node_v2
[ 76%] Built target attitude_controller_node
[ 80%] [32mBuilding CXX object CMakeFiles/lqr_feedforward_controller_node.dir/src/nodes/lqr_feedforward_controller_node.cpp.o[0m
[ 88%] Built target position_controller_node
[ 96%] Built target position_controller_node_v2
[01m[K/home/chris/catkin_ws/src/CrazyS/rotors_control/src/nodes/lqr_feedforward_controller_node.cpp:[m[K In member function â€˜[01m[Kvoid rotors_control::LQRControllerNode::UpdateController()[m[Kâ€™:
[01m[K/home/chris/catkin_ws/src/CrazyS/rotors_control/src/nodes/lqr_feedforward_controller_node.cpp:221:69:[m[K [01;31m[Kerror: [m[Kâ€˜[01m[Kp_command[m[Kâ€™ was not declared in this scope; did you mean â€˜[01m[Kphi_command[m[Kâ€™?
  221 |       lqr_feedforward_controller_.LQRFeedforwardControllerFunction(&[01;31m[Kp_command[m[K, &q_command, theta_command, phi_command);
      |                                                                     [01;31m[K^~~~~~~~~[m[K
      |                                                                     [32m[Kphi_command[m[K
[01m[K/home/chris/catkin_ws/src/CrazyS/rotors_control/src/nodes/lqr_feedforward_controller_node.cpp:221:81:[m[K [01;31m[Kerror: [m[Kâ€˜[01m[Kq_command[m[Kâ€™ was not declared in this scope; did you mean â€˜[01m[Kphi_command[m[Kâ€™?
  221 |       lqr_feedforward_controller_.LQRFeedforwardControllerFunction(&p_command, &[01;31m[Kq_command[m[K, theta_command, phi_command);
      |                                                                                 [01;31m[K^~~~~~~~~[m[K
      |                                                                                 [32m[Kphi_command[m[K
[01m[K/home/chris/catkin_ws/src/CrazyS/rotors_control/src/nodes/lqr_feedforward_controller_node.cpp:224:58:[m[K [01;31m[Kerror: [m[Kâ€˜[01m[Kr_command[m[Kâ€™ was not declared in this scope; did you mean â€˜[01m[Kphi_command[m[Kâ€™?
  224 |       lqr_feedforward_controller_.YawPositionController(&[01;31m[Kr_command[m[K);
      |                                                          [01;31m[K^~~~~~~~~[m[K
      |                                                          [32m[Kphi_command[m[K
[01m[K/home/chris/catkin_ws/src/CrazyS/rotors_control/src/nodes/lqr_feedforward_controller_node.cpp:227:51:[m[K [01;31m[Kerror: [m[Kâ€˜[01m[Kdelta_phi[m[Kâ€™ was not declared in this scope
  227 |       lqr_feedforward_controller_.RateController(&[01;31m[Kdelta_phi[m[K, &delta_theta, &delta_psi, p_command, q_command, r_command);
      |                                                   [01;31m[K^~~~~~~~~[m[K
[01m[K/home/chris/catkin_ws/src/CrazyS/rotors_control/src/nodes/lqr_feedforward_controller_node.cpp:227:63:[m[K [01;31m[Kerror: [m[Kâ€˜[01m[Kdelta_theta[m[Kâ€™ was not declared in this scope
  227 |       lqr_feedforward_controller_.RateController(&delta_phi, &[01;31m[Kdelta_theta[m[K, &delta_psi, p_command, q_command, r_command);
      |                                                               [01;31m[K^~~~~~~~~~~[m[K
[01m[K/home/chris/catkin_ws/src/CrazyS/rotors_control/src/nodes/lqr_feedforward_controller_node.cpp:227:77:[m[K [01;31m[Kerror: [m[Kâ€˜[01m[Kdelta_psi[m[Kâ€™ was not declared in this scope
  227 |       lqr_feedforward_controller_.RateController(&delta_phi, &delta_theta, &[01;31m[Kdelta_psi[m[K, p_command, q_command, r_command);
      |                                                                             [01;31m[K^~~~~~~~~[m[K
make[2]: *** [CMakeFiles/lqr_feedforward_controller_node.dir/build.make:63: CMakeFiles/lqr_feedforward_controller_node.dir/src/nodes/lqr_feedforward_controller_node.cpp.o] Error 1
make[1]: *** [CMakeFiles/Makefile2:1845: CMakeFiles/lqr_feedforward_controller_node.dir/all] Error 2
make: *** [Makefile:130: all] Error 2
