[  0%] Built target sensor_msgs_generate_messages_nodejs
[  0%] Built target trajectory_msgs_generate_messages_lisp
[  0%] Built target trajectory_msgs_generate_messages_nodejs
[  0%] Built target mav_msgs_generate_messages_py
[  0%] Built target nav_msgs_generate_messages_eus
[  0%] Built target mav_msgs_generate_messages_nodejs
[  0%] Built target roscpp_generate_messages_cpp
[  0%] Built target mav_msgs_generate_messages_lisp
[  0%] Built target std_msgs_generate_messages_cpp
[  0%] Built target nav_msgs_generate_messages_lisp
[  0%] Built target nav_msgs_generate_messages_cpp
[  0%] Built target geometry_msgs_generate_messages_py
[  0%] Built target rosgraph_msgs_generate_messages_eus
[  0%] Built target nav_msgs_generate_messages_py
[  0%] Built target sensor_msgs_generate_messages_py
[  0%] Built target actionlib_msgs_generate_messages_eus
[  0%] Built target rosgraph_msgs_generate_messages_lisp
[  0%] Built target rosgraph_msgs_generate_messages_py
[  0%] Built target geometry_msgs_generate_messages_eus
[  0%] Built target std_msgs_generate_messages_nodejs
[  0%] Built target trajectory_msgs_generate_messages_cpp
[  0%] Built target geometry_msgs_generate_messages_cpp
[  0%] Built target geometry_msgs_generate_messages_lisp
[  0%] Built target actionlib_msgs_generate_messages_lisp
[  0%] Built target actionlib_msgs_generate_messages_nodejs
[  0%] Built target std_msgs_generate_messages_eus
[  0%] Built target std_msgs_generate_messages_py
[  0%] Built target actionlib_msgs_generate_messages_cpp
[  0%] Built target std_msgs_generate_messages_lisp
[  0%] Built target mav_msgs_generate_messages_eus
[  0%] Built target geometry_msgs_generate_messages_nodejs
[  0%] Built target mav_msgs_generate_messages_cpp
[  0%] Built target actionlib_msgs_generate_messages_py
[  0%] Built target rosgraph_msgs_generate_messages_nodejs
[  0%] Built target roscpp_generate_messages_eus
[  0%] Built target roscpp_generate_messages_lisp
[  0%] Built target roscpp_generate_messages_nodejs
[  0%] Built target trajectory_msgs_generate_messages_eus
[  0%] Built target roscpp_generate_messages_py
[  0%] Built target rosgraph_msgs_generate_messages_cpp
[  0%] Built target trajectory_msgs_generate_messages_py
[  0%] Built target sensor_msgs_generate_messages_cpp
[  0%] Built target nav_msgs_generate_messages_nodejs
[  0%] Built target sensor_msgs_generate_messages_eus
[  0%] Built target sensor_msgs_generate_messages_lisp
[  7%] Built target attitude_controller_v2
[ 15%] Built target position_controller_v2
[ 23%] Built target attitude_controller
[35m[1mScanning dependencies of target lqr_feedforward_controller[0m
[ 30%] Built target sensfusion6
[ 38%] Built target position_controller
[ 46%] Built target attitude_controller_node_v2
[ 50%] [32mBuilding CXX object CMakeFiles/lqr_feedforward_controller.dir/src/library/lqr_feedforward_controller.cpp.o[0m
[ 57%] Built target crazyflie_complementary_filter
[35m[1mScanning dependencies of target attitude_controller_node[0m
[ 65%] Built target crazyflie_onboard_controller
[ 69%] [32mBuilding CXX object CMakeFiles/attitude_controller_node.dir/src/nodes/attitude_controller_node.cpp.o[0m
[ 76%] Built target position_controller_node
[ 84%] Built target position_controller_node_v2
[01m[K/home/chris/catkin_ws/src/CrazyS/rotors_control/src/library/lqr_feedforward_controller.cpp:41:1:[m[K [01;31m[Kerror: [m[Kâ€˜[01m[KLQRControllerNode[m[Kâ€™ does not name a type
   41 | [01;31m[KLQRControllerNode[m[K::LQRControllerNode()
      | [01;31m[K^~~~~~~~~~~~~~~~~[m[K
[01m[K/home/chris/catkin_ws/src/CrazyS/rotors_control/src/library/lqr_feedforward_controller.cpp:88:1:[m[K [01;31m[Kerror: [m[Kâ€˜[01m[KLQRControllerNode[m[Kâ€™ does not name a type
   88 | [01;31m[KLQRControllerNode[m[K::~LQRControllerNode(){}
      | [01;31m[K^~~~~~~~~~~~~~~~~[m[K
[01m[K/home/chris/catkin_ws/src/CrazyS/rotors_control/src/library/lqr_feedforward_controller.cpp:91:6:[m[K [01;31m[Kerror: [m[Kâ€˜[01m[KLQRControllerNode[m[Kâ€™ has not been declared
   91 | void [01;31m[KLQRControllerNode[m[K::SetControllerGains(){
      |      [01;31m[K^~~~~~~~~~~~~~~~~[m[K
[01m[K/home/chris/catkin_ws/src/CrazyS/rotors_control/src/library/lqr_feedforward_controller.cpp:[m[K In function â€˜[01m[Kvoid rotors_control::SetControllerGains()[m[Kâ€™:
[01m[K/home/chris/catkin_ws/src/CrazyS/rotors_control/src/library/lqr_feedforward_controller.cpp:93:7:[m[K [01;31m[Kerror: [m[Kâ€˜[01m[Kxy_gain_kp_[m[Kâ€™ was not declared in this scope
   93 |       [01;31m[Kxy_gain_kp_[m[K = Eigen::Vector2f(controller_parameters_.xy_gain_kp_.x(), controller_parameters_.xy_gain_kp_.y());
      |       [01;31m[K^~~~~~~~~~~[m[K
[01m[K/home/chris/catkin_ws/src/CrazyS/rotors_control/src/library/lqr_feedforward_controller.cpp:93:37:[m[K [01;31m[Kerror: [m[Kâ€˜[01m[Kcontroller_parameters_[m[Kâ€™ was not declared in this scope
   93 |       xy_gain_kp_ = Eigen::Vector2f([01;31m[Kcontroller_parameters_[m[K.xy_gain_kp_.x(), controller_parameters_.xy_gain_kp_.y());
      |                                     [01;31m[K^~~~~~~~~~~~~~~~~~~~~~[m[K
[01m[K/home/chris/catkin_ws/src/CrazyS/rotors_control/src/library/lqr_feedforward_controller.cpp:94:7:[m[K [01;31m[Kerror: [m[Kâ€˜[01m[Kxy_gain_ki_[m[Kâ€™ was not declared in this scope
   94 |       [01;31m[Kxy_gain_ki_[m[K = Eigen::Vector2f(controller_parameters_.xy_gain_ki_.x(), controller_parameters_.xy_gain_ki_.y());
      |       [01;31m[K^~~~~~~~~~~[m[K
[01m[K/home/chris/catkin_ws/src/CrazyS/rotors_control/src/library/lqr_feedforward_controller.cpp:96:7:[m[K [01;31m[Kerror: [m[Kâ€˜[01m[Kattitude_gain_kp_[m[Kâ€™ was not declared in this scope
   96 |       [01;31m[Kattitude_gain_kp_[m[K = Eigen::Vector2f(controller_parameters_.attitude_gain_kp_.x(), controller_parameters_.attitude_gain_kp_.y());
      |       [01;31m[K^~~~~~~~~~~~~~~~~[m[K
[01m[K/home/chris/catkin_ws/src/CrazyS/rotors_control/src/library/lqr_feedforward_controller.cpp:97:7:[m[K [01;31m[Kerror: [m[Kâ€˜[01m[Kattitude_gain_ki_[m[Kâ€™ was not declared in this scope
   97 |       [01;31m[Kattitude_gain_ki_[m[K = Eigen::Vector2f(controller_parameters_.attitude_gain_ki_.x(), controller_parameters_.attitude_gain_ki_.y());
      |       [01;31m[K^~~~~~~~~~~~~~~~~[m[K
[01m[K/home/chris/catkin_ws/src/CrazyS/rotors_control/src/library/lqr_feedforward_controller.cpp:99:7:[m[K [01;31m[Kerror: [m[Kâ€˜[01m[Krate_gain_kp_[m[Kâ€™ was not declared in this scope
   99 |       [01;31m[Krate_gain_kp_[m[K = Eigen::Vector3f(controller_parameters_.rate_gain_kp_.x(), controller_parameters_.rate_gain_kp_.y(), controller_parameters_.rate_gain_kp_.z());
      |       [01;31m[K^~~~~~~~~~~~~[m[K
[01m[K/home/chris/catkin_ws/src/CrazyS/rotors_control/src/library/lqr_feedforward_controller.cpp:100:7:[m[K [01;31m[Kerror: [m[Kâ€˜[01m[Krate_gain_ki_[m[Kâ€™ was not declared in this scope
  100 |       [01;31m[Krate_gain_ki_[m[K = Eigen::Vector3f(controller_parameters_.rate_gain_ki_.x(), controller_parameters_.rate_gain_ki_.y(), controller_parameters_.rate_gain_ki_.z());
      |       [01;31m[K^~~~~~~~~~~~~[m[K
[01m[K/home/chris/catkin_ws/src/CrazyS/rotors_control/src/library/lqr_feedforward_controller.cpp:102:7:[m[K [01;31m[Kerror: [m[Kâ€˜[01m[Kyaw_gain_kp_[m[Kâ€™ was not declared in this scope
  102 |       [01;31m[Kyaw_gain_kp_[m[K = controller_parameters_.yaw_gain_kp_;
      |       [01;31m[K^~~~~~~~~~~~[m[K
[01m[K/home/chris/catkin_ws/src/CrazyS/rotors_control/src/library/lqr_feedforward_controller.cpp:103:7:[m[K [01;31m[Kerror: [m[Kâ€˜[01m[Kyaw_gain_ki_[m[Kâ€™ was not declared in this scope
  103 |       [01;31m[Kyaw_gain_ki_[m[K = controller_parameters_.yaw_gain_ki_;
      |       [01;31m[K^~~~~~~~~~~~[m[K
[01m[K/home/chris/catkin_ws/src/CrazyS/rotors_control/src/library/lqr_feedforward_controller.cpp:105:7:[m[K [01;31m[Kerror: [m[Kâ€˜[01m[Khovering_gain_kp_[m[Kâ€™ was not declared in this scope
  105 |       [01;31m[Khovering_gain_kp_[m[K = controller_parameters_.hovering_gain_kp_;
      |       [01;31m[K^~~~~~~~~~~~~~~~~[m[K
[01m[K/home/chris/catkin_ws/src/CrazyS/rotors_control/src/library/lqr_feedforward_controller.cpp:106:7:[m[K [01;31m[Kerror: [m[Kâ€˜[01m[Khovering_gain_ki_[m[Kâ€™ was not declared in this scope
  106 |       [01;31m[Khovering_gain_ki_[m[K = controller_parameters_.hovering_gain_ki_;
      |       [01;31m[K^~~~~~~~~~~~~~~~~[m[K
[01m[K/home/chris/catkin_ws/src/CrazyS/rotors_control/src/library/lqr_feedforward_controller.cpp:107:7:[m[K [01;31m[Kerror: [m[Kâ€˜[01m[Khovering_gain_kd_[m[Kâ€™ was not declared in this scope
  107 |       [01;31m[Khovering_gain_kd_[m[K = controller_parameters_.hovering_gain_kd_;
      |       [01;31m[K^~~~~~~~~~~~~~~~~[m[K
[01m[K/home/chris/catkin_ws/src/CrazyS/rotors_control/src/library/lqr_feedforward_controller.cpp:[m[K At global scope:
[01m[K/home/chris/catkin_ws/src/CrazyS/rotors_control/src/library/lqr_feedforward_controller.cpp:111:6:[m[K [01;31m[Kerror: [m[Kâ€˜[01m[KLQRControllerNode[m[Kâ€™ has not been declared
  111 | void [01;31m[KLQRControllerNode[m[K::SetTrajectoryPoint(const mav_msgs::EigenTrajectoryPoint& command_trajectory) {
      |      [01;31m[K^~~~~~~~~~~~~~~~~[m[K
[01m[K/home/chris/catkin_ws/src/CrazyS/rotors_control/src/library/lqr_feedforward_controller.cpp:[m[K In function â€˜[01m[Kvoid rotors_control::SetTrajectoryPoint(const mav_msgs::EigenTrajectoryPoint&)[m[Kâ€™:
[01m[K/home/chris/catkin_ws/src/CrazyS/rotors_control/src/library/lqr_feedforward_controller.cpp:112:5:[m[K [01;31m[Kerror: [m[Kâ€˜[01m[Kcommand_trajectory_[m[Kâ€™ was not declared in this scope; did you mean â€˜[01m[Kcommand_trajectory[m[Kâ€™?
  112 |     [01;31m[Kcommand_trajectory_[m[K= command_trajectory;
      |     [01;31m[K^~~~~~~~~~~~~~~~~~~[m[K
      |     [32m[Kcommand_trajectory[m[K
[01m[K/home/chris/catkin_ws/src/CrazyS/rotors_control/src/library/lqr_feedforward_controller.cpp:113:5:[m[K [01;31m[Kerror: [m[Kâ€˜[01m[Kcontroller_active_[m[Kâ€™ was not declared in this scope
  113 |     [01;31m[Kcontroller_active_[m[K= true;
      |     [01;31m[K^~~~~~~~~~~~~~~~~~[m[K
[01m[K/home/chris/catkin_ws/src/CrazyS/rotors_control/src/library/lqr_feedforward_controller.cpp:[m[K At global scope:
[01m[K/home/chris/catkin_ws/src/CrazyS/rotors_control/src/library/lqr_feedforward_controller.cpp:116:6:[m[K [01;31m[Kerror: [m[Kâ€˜[01m[KLQRControllerNode[m[Kâ€™ has not been declared
  116 | void [01;31m[KLQRControllerNode[m[K::HoveringController(double* omega) {
      |      [01;31m[K^~~~~~~~~~~~~~~~~[m[K
[01m[K/home/chris/catkin_ws/src/CrazyS/rotors_control/src/library/lqr_feedforward_controller.cpp:[m[K In function â€˜[01m[Kvoid rotors_control::HoveringController(double*)[m[Kâ€™:
[01m[K/home/chris/catkin_ws/src/CrazyS/rotors_control/src/library/lqr_feedforward_controller.cpp:121:19:[m[K [01;31m[Kerror: [m[Kâ€˜[01m[Kcommand_trajectory_[m[Kâ€™ was not declared in this scope
  121 |     z_reference = [01;31m[Kcommand_trajectory_[m[K.position_W[2];
      |                   [01;31m[K^~~~~~~~~~~~~~~~~~~[m[K
[01m[K/home/chris/catkin_ws/src/CrazyS/rotors_control/src/library/lqr_feedforward_controller.cpp:128:29:[m[K [01;31m[Kerror: [m[Kâ€˜[01m[Kstate_[m[Kâ€™ was not declared in this scope; did you mean â€˜[01m[Kstate_t[m[Kâ€™?
  128 |     z_error = z_reference - [01;31m[Kstate_[m[K.position.z;
      |                             [01;31m[K^~~~~~[m[K
      |                             [32m[Kstate_t[m[K
[01m[K/home/chris/catkin_ws/src/CrazyS/rotors_control/src/library/lqr_feedforward_controller.cpp:135:5:[m[K [01;31m[Kerror: [m[Kâ€˜[01m[KQuaternion2Euler[m[Kâ€™ was not declared in this scope
  135 |     [01;31m[KQuaternion2Euler[m[K(&roll, &pitch, &yaw);
      |     [01;31m[K^~~~~~~~~~~~~~~~[m[K
[01m[K/home/chris/catkin_ws/src/CrazyS/rotors_control/src/library/lqr_feedforward_controller.cpp:142:22:[m[K [01;31m[Kerror: [m[Kâ€˜[01m[Khovering_gain_kp_[m[Kâ€™ was not declared in this scope
  142 |     delta_omega_kp = [01;31m[Khovering_gain_kp_[m[K * z_error;
      |                      [01;31m[K^~~~~~~~~~~~~~~~~[m[K
[01m[K/home/chris/catkin_ws/src/CrazyS/rotors_control/src/library/lqr_feedforward_controller.cpp:143:5:[m[K [01;31m[Kerror: [m[Kâ€˜[01m[Kdelta_omega_ki_[m[Kâ€™ was not declared in this scope; did you mean â€˜[01m[Kdelta_omega_kd[m[Kâ€™?
  143 |     [01;31m[Kdelta_omega_ki_[m[K = delta_omega_ki_ + (hovering_gain_ki_ * z_error * SAMPLING_TIME_HOVERING);
      |     [01;31m[K^~~~~~~~~~~~~~~[m[K
      |     [32m[Kdelta_omega_kd[m[K
[01m[K/home/chris/catkin_ws/src/CrazyS/rotors_control/src/library/lqr_feedforward_controller.cpp:143:42:[m[K [01;31m[Kerror: [m[Kâ€˜[01m[Khovering_gain_ki_[m[Kâ€™ was not declared in this scope
  143 |     delta_omega_ki_ = delta_omega_ki_ + ([01;31m[Khovering_gain_ki_[m[K * z_error * SAMPLING_TIME_HOVERING);
      |                                          [01;31m[K^~~~~~~~~~~~~~~~~[m[K
[01m[K/home/chris/catkin_ws/src/CrazyS/rotors_control/src/library/lqr_feedforward_controller.cpp:144:22:[m[K [01;31m[Kerror: [m[Kâ€˜[01m[Khovering_gain_kd_[m[Kâ€™ was not declared in this scope
  144 |     delta_omega_kd = [01;31m[Khovering_gain_kd_[m[K * -dot_zeta;
      |                      [01;31m[K^~~~~~~~~~~~~~~~~[m[K
[01m[K/home/chris/catkin_ws/src/CrazyS/rotors_control/src/library/lqr_feedforward_controller.cpp:[m[K At global scope:
[01m[K/home/chris/catkin_ws/src/CrazyS/rotors_control/src/library/lqr_feedforward_controller.cpp:162:6:[m[K [01;31m[Kerror: [m[Kâ€˜[01m[KLQRControllerNode[m[Kâ€™ has not been declared
  162 | void [01;31m[KLQRControllerNode[m[K::AttitudeControllerFunction(double* p_command, double* q_command, double theta_command, double phi_command) {
      |      [01;31m[K^~~~~~~~~~~~~~~~~[m[K
[01m[K/home/chris/catkin_ws/src/CrazyS/rotors_control/src/library/lqr_feedforward_controller.cpp:[m[K In function â€˜[01m[Kvoid rotors_control::AttitudeControllerFunction(double*, double*, double, double)[m[Kâ€™:
[01m[K/home/chris/catkin_ws/src/CrazyS/rotors_control/src/library/lqr_feedforward_controller.cpp:168:5:[m[K [01;31m[Kerror: [m[Kâ€˜[01m[KQuaternion2Euler[m[Kâ€™ was not declared in this scope
  168 |     [01;31m[KQuaternion2Euler[m[K(&roll, &pitch, &yaw);
      |     [01;31m[K^~~~~~~~~~~~~~~~[m[K
[01m[K/home/chris/catkin_ws/src/CrazyS/rotors_control/src/library/lqr_feedforward_controller.cpp:176:20:[m[K [01;31m[Kerror: [m[Kâ€˜[01m[Kattitude_gain_kp_[m[Kâ€™ was not declared in this scope
  176 |     p_command_kp = [01;31m[Kattitude_gain_kp_[m[K.x() * phi_error;
      |                    [01;31m[K^~~~~~~~~~~~~~~~~[m[K
[01m[K/home/chris/catkin_ws/src/CrazyS/rotors_control/src/library/lqr_feedforward_controller.cpp:177:5:[m[K [01;31m[Kerror: [m[Kâ€˜[01m[Kp_command_ki_[m[Kâ€™ was not declared in this scope; did you mean â€˜[01m[Kp_command_kp[m[Kâ€™?
  177 |     [01;31m[Kp_command_ki_[m[K = p_command_ki_ + (attitude_gain_ki_.x() * phi_error * SAMPLING_TIME_HOVERING);
      |     [01;31m[K^~~~~~~~~~~~~[m[K
      |     [32m[Kp_command_kp[m[K
[01m[K/home/chris/catkin_ws/src/CrazyS/rotors_control/src/library/lqr_feedforward_controller.cpp:177:38:[m[K [01;31m[Kerror: [m[Kâ€˜[01m[Kattitude_gain_ki_[m[Kâ€™ was not declared in this scope
  177 |     p_command_ki_ = p_command_ki_ + ([01;31m[Kattitude_gain_ki_[m[K.x() * phi_error * SAMPLING_TIME_HOVERING);
      |                                      [01;31m[K^~~~~~~~~~~~~~~~~[m[K
[01m[K/home/chris/catkin_ws/src/CrazyS/rotors_control/src/library/lqr_feedforward_controller.cpp:182:5:[m[K [01;31m[Kerror: [m[Kâ€˜[01m[Kq_command_ki_[m[Kâ€™ was not declared in this scope; did you mean â€˜[01m[Kq_command_kp[m[Kâ€™?
  182 |     [01;31m[Kq_command_ki_[m[K = q_command_ki_ + (attitude_gain_ki_.y() * theta_error * SAMPLING_TIME_HOVERING);
      |     [01;31m[K^~~~~~~~~~~~~[m[K
      |     [32m[Kq_command_kp[m[K
[01m[K/home/chris/catkin_ws/src/CrazyS/rotors_control/src/library/lqr_feedforward_controller.cpp:185:8:[m[K [01;31m[Kerror: [m[Kâ€˜[01m[KdataStoring_active_[m[Kâ€™ was not declared in this scope
  185 |     if([01;31m[KdataStoring_active_[m[K){
      |        [01;31m[K^~~~~~~~~~~~~~~~~~~[m[K
[01m[K/home/chris/catkin_ws/src/CrazyS/rotors_control/src/library/lqr_feedforward_controller.cpp:189:18:[m[K [01;31m[Kerror: [m[Kâ€˜[01m[Kodometry_[m[Kâ€™ was not declared in this scope
  189 |               << [01;31m[Kodometry_[m[K.timeStampSec << "," << odometry_.timeStampNsec << "\n";
      |                  [01;31m[K^~~~~~~~~[m[K
[01m[K/home/chris/catkin_ws/src/CrazyS/rotors_control/src/library/lqr_feedforward_controller.cpp:191:7:[m[K [01;31m[Kerror: [m[Kâ€˜[01m[KlistPQCommands_[m[Kâ€™ was not declared in this scope; did you mean â€˜[01m[KtempPQCommands[m[Kâ€™?
  191 |       [01;31m[KlistPQCommands_[m[K.push_back(tempPQCommands.str());
      |       [01;31m[K^~~~~~~~~~~~~~~[m[K
      |       [32m[KtempPQCommands[m[K
[01m[K/home/chris/catkin_ws/src/CrazyS/rotors_control/src/library/lqr_feedforward_controller.cpp:[m[K At global scope:
[01m[K/home/chris/catkin_ws/src/CrazyS/rotors_control/src/library/lqr_feedforward_controller.cpp:199:6:[m[K [01;31m[Kerror: [m[Kâ€˜[01m[KLQRControllerNode[m[Kâ€™ has not been declared
  199 | void [01;31m[KLQRControllerNode[m[K::XYController(double* theta_command, double* phi_command) {
      |      [01;31m[K^~~~~~~~~~~~~~~~~[m[K
[01m[K/home/chris/catkin_ws/src/CrazyS/rotors_control/src/library/lqr_feedforward_controller.cpp:[m[K In function â€˜[01m[Kvoid rotors_control::XYController(double*, double*)[m[Kâ€™:
[01m[K/home/chris/catkin_ws/src/CrazyS/rotors_control/src/library/lqr_feedforward_controller.cpp:205:9:[m[K [01;31m[Kerror: [m[Kâ€˜[01m[Kstate_[m[Kâ€™ was not declared in this scope; did you mean â€˜[01m[Kstate_t[m[Kâ€™?
  205 |     u = [01;31m[Kstate_[m[K.linearVelocity.x;
      |         [01;31m[K^~~~~~[m[K
      |         [32m[Kstate_t[m[K
[01m[K/home/chris/catkin_ws/src/CrazyS/rotors_control/src/library/lqr_feedforward_controller.cpp:212:5:[m[K [01;31m[Kerror: [m[Kâ€˜[01m[KErrorBodyFrame[m[Kâ€™ was not declared in this scope
  212 |     [01;31m[KErrorBodyFrame[m[K(&xe, &ye);
      |     [01;31m[K^~~~~~~~~~~~~~[m[K
[01m[K/home/chris/catkin_ws/src/CrazyS/rotors_control/src/library/lqr_feedforward_controller.cpp:221:24:[m[K [01;31m[Kerror: [m[Kâ€˜[01m[Kxy_gain_kp_[m[Kâ€™ was not declared in this scope
  221 |     theta_command_kp = [01;31m[Kxy_gain_kp_[m[K.x() * e_vx;
      |                        [01;31m[K^~~~~~~~~~~[m[K
[01m[K/home/chris/catkin_ws/src/CrazyS/rotors_control/src/library/lqr_feedforward_controller.cpp:222:5:[m[K [01;31m[Kerror: [m[Kâ€˜[01m[Ktheta_command_ki_[m[Kâ€™ was not declared in this scope; did you mean â€˜[01m[Ktheta_command_kp[m[Kâ€™?
  222 |     [01;31m[Ktheta_command_ki_[m[K = theta_command_ki_ + (xy_gain_ki_.x() * e_vx * SAMPLING_TIME);
      |     [01;31m[K^~~~~~~~~~~~~~~~~[m[K
      |     [32m[Ktheta_command_kp[m[K
[01m[K/home/chris/catkin_ws/src/CrazyS/rotors_control/src/library/lqr_feedforward_controller.cpp:222:46:[m[K [01;31m[Kerror: [m[Kâ€˜[01m[Kxy_gain_ki_[m[Kâ€™ was not declared in this scope
  222 |     theta_command_ki_ = theta_command_ki_ + ([01;31m[Kxy_gain_ki_[m[K.x() * e_vx * SAMPLING_TIME);
      |                                              [01;31m[K^~~~~~~~~~~[m[K
[01m[K/home/chris/catkin_ws/src/CrazyS/rotors_control/src/library/lqr_feedforward_controller.cpp:228:5:[m[K [01;31m[Kerror: [m[Kâ€˜[01m[Kphi_command_ki_[m[Kâ€™ was not declared in this scope; did you mean â€˜[01m[Kphi_command_kp[m[Kâ€™?
  228 |     [01;31m[Kphi_command_ki_[m[K = phi_command_ki_ + (xy_gain_ki_.y() * e_vy * SAMPLING_TIME);
      |     [01;31m[K^~~~~~~~~~~~~~~[m[K
      |     [32m[Kphi_command_kp[m[K
[01m[K/home/chris/catkin_ws/src/CrazyS/rotors_control/src/library/lqr_feedforward_controller.cpp:[m[K At global scope:
[01m[K/home/chris/catkin_ws/src/CrazyS/rotors_control/src/library/lqr_feedforward_controller.cpp:257:6:[m[K [01;31m[Kerror: [m[Kâ€˜[01m[KLQRControllerNode[m[Kâ€™ has not been declared
  257 | void [01;31m[KLQRControllerNode[m[K::ControlMixer(double thrust, double delta_phi, double delta_theta, double delta_psi,
      |      [01;31m[K^~~~~~~~~~~~~~~~~[m[K
[01m[K/home/chris/catkin_ws/src/CrazyS/rotors_control/src/library/lqr_feedforward_controller.cpp:[m[K In function â€˜[01m[Kvoid rotors_control::ControlMixer(double, double, double, double, double*, double*, double*, double*)[m[Kâ€™:
[01m[K/home/chris/catkin_ws/src/CrazyS/rotors_control/src/library/lqr_feedforward_controller.cpp:266:14:[m[K [01;31m[Kerror: [m[Kâ€˜[01m[Kcontrol_t_[m[Kâ€™ was not declared in this scope; did you mean â€˜[01m[Kcontrol_t[m[Kâ€™?
  266 |     *PWM_1 = [01;31m[Kcontrol_t_[m[K.thrust - (delta_theta/2) - (delta_phi/2) - delta_psi;
      |              [01;31m[K^~~~~~~~~~[m[K
      |              [32m[Kcontrol_t[m[K
[01m[K/home/chris/catkin_ws/src/CrazyS/rotors_control/src/library/lqr_feedforward_controller.cpp:[m[K At global scope:
[01m[K/home/chris/catkin_ws/src/CrazyS/rotors_control/src/library/lqr_feedforward_controller.cpp:277:6:[m[K [01;31m[Kerror: [m[Kâ€˜[01m[KLQRControllerNode[m[Kâ€™ has not been declared
  277 | void [01;31m[KLQRControllerNode[m[K::YawPositionController(double* r_command) {
      |      [01;31m[K^~~~~~~~~~~~~~~~~[m[K
[01m[K/home/chris/catkin_ws/src/CrazyS/rotors_control/src/library/lqr_feedforward_controller.cpp:[m[K In function â€˜[01m[Kvoid rotors_control::YawPositionController(double*)[m[Kâ€™:
[01m[K/home/chris/catkin_ws/src/CrazyS/rotors_control/src/library/lqr_feedforward_controller.cpp:281:5:[m[K [01;31m[Kerror: [m[Kâ€˜[01m[KQuaternion2Euler[m[Kâ€™ was not declared in this scope
  281 |     [01;31m[KQuaternion2Euler[m[K(&roll, &pitch, &yaw);
      |     [01;31m[K^~~~~~~~~~~~~~~~[m[K
[01m[K/home/chris/catkin_ws/src/CrazyS/rotors_control/src/library/lqr_feedforward_controller.cpp:284:21:[m[K [01;31m[Kerror: [m[Kâ€˜[01m[Kcommand_trajectory_[m[Kâ€™ was not declared in this scope
  284 |     yaw_reference = [01;31m[Kcommand_trajectory_[m[K.getYaw();
      |                     [01;31m[K^~~~~~~~~~~~~~~~~~~[m[K
[01m[K/home/chris/catkin_ws/src/CrazyS/rotors_control/src/library/lqr_feedforward_controller.cpp:288:20:[m[K [01;31m[Kerror: [m[Kâ€˜[01m[Kyaw_gain_kp_[m[Kâ€™ was not declared in this scope
  288 |     r_command_kp = [01;31m[Kyaw_gain_kp_[m[K * yaw_error;
      |                    [01;31m[K^~~~~~~~~~~~[m[K
[01m[K/home/chris/catkin_ws/src/CrazyS/rotors_control/src/library/lqr_feedforward_controller.cpp:289:5:[m[K [01;31m[Kerror: [m[Kâ€˜[01m[Kr_command_ki_[m[Kâ€™ was not declared in this scope; did you mean â€˜[01m[Kr_command_kp[m[Kâ€™?
  289 |     [01;31m[Kr_command_ki_[m[K = r_command_ki_ + (yaw_gain_ki_ * yaw_error * SAMPLING_TIME);
      |     [01;31m[K^~~~~~~~~~~~~[m[K
      |     [32m[Kr_command_kp[m[K
[01m[K/home/chris/catkin_ws/src/CrazyS/rotors_control/src/library/lqr_feedforward_controller.cpp:289:38:[m[K [01;31m[Kerror: [m[Kâ€˜[01m[Kyaw_gain_ki_[m[Kâ€™ was not declared in this scope
  289 |     r_command_ki_ = r_command_ki_ + ([01;31m[Kyaw_gain_ki_[m[K * yaw_error * SAMPLING_TIME);
      |                                      [01;31m[K^~~~~~~~~~~~[m[K
[01m[K/home/chris/catkin_ws/src/CrazyS/rotors_control/src/library/lqr_feedforward_controller.cpp:[m[K At global scope:
[01m[K/home/chris/catkin_ws/src/CrazyS/rotors_control/src/library/lqr_feedforward_controller.cpp:302:6:[m[K [01;31m[Kerror: [m[Kâ€˜[01m[KLQRControllerNode[m[Kâ€™ has not been declared
  302 | void [01;31m[KLQRControllerNode[m[K::ErrorBodyFrame(double* xe, double* ye) const {
      |      [01;31m[K^~~~~~~~~~~~~~~~~[m[K
[01m[K/home/chris/catkin_ws/src/CrazyS/rotors_control/src/library/lqr_feedforward_controller.cpp:302:64:[m[K [01;31m[Kerror: [m[Knon-member function â€˜[01m[Kvoid rotors_control::ErrorBodyFrame(double*, double*)[m[Kâ€™ cannot have cv-qualifier
  302 | void LQRControllerNode::ErrorBodyFrame(double* xe, double* ye) [01;31m[Kconst[m[K {
      |                                                                [01;31m[K^~~~~[m[K
[01m[K/home/chris/catkin_ws/src/CrazyS/rotors_control/src/library/lqr_feedforward_controller.cpp:[m[K In function â€˜[01m[Kvoid rotors_control::ErrorBodyFrame(double*, double*)[m[Kâ€™:
[01m[K/home/chris/catkin_ws/src/CrazyS/rotors_control/src/library/lqr_feedforward_controller.cpp:308:18:[m[K [01;31m[Kerror: [m[Kâ€˜[01m[Kcommand_trajectory_[m[Kâ€™ was not declared in this scope
  308 |     double x_r = [01;31m[Kcommand_trajectory_[m[K.position_W[0];
      |                  [01;31m[K^~~~~~~~~~~~~~~~~~~[m[K
[01m[K/home/chris/catkin_ws/src/CrazyS/rotors_control/src/library/lqr_feedforward_controller.cpp:313:22:[m[K [01;31m[Kerror: [m[Kâ€˜[01m[Kstate_[m[Kâ€™ was not declared in this scope; did you mean â€˜[01m[Kstate_t[m[Kâ€™?
  313 |     x_error_ = x_r - [01;31m[Kstate_[m[K.position.x;
      |                      [01;31m[K^~~~~~[m[K
      |                      [32m[Kstate_t[m[K
[01m[K/home/chris/catkin_ws/src/CrazyS/rotors_control/src/library/lqr_feedforward_controller.cpp:318:5:[m[K [01;31m[Kerror: [m[Kâ€˜[01m[KQuaternion2Euler[m[Kâ€™ was not declared in this scope
  318 |     [01;31m[KQuaternion2Euler[m[K(&roll, &pitch, &yaw);
      |     [01;31m[K^~~~~~~~~~~~~~~~[m[K
[01m[K/home/chris/catkin_ws/src/CrazyS/rotors_control/src/library/lqr_feedforward_controller.cpp:[m[K At global scope:
[01m[K/home/chris/catkin_ws/src/CrazyS/rotors_control/src/library/lqr_feedforward_controller.cpp:327:6:[m[K [01;31m[Kerror: [m[Kâ€˜[01m[KLQRControllerNode[m[Kâ€™ has not been declared
  327 | void [01;31m[KLQRControllerNode[m[K::SetSensorData() {
      |      [01;31m[K^~~~~~~~~~~~~~~~~[m[K
[01m[K/home/chris/catkin_ws/src/CrazyS/rotors_control/src/library/lqr_feedforward_controller.cpp:[m[K In function â€˜[01m[Kvoid rotors_control::SetSensorData()[m[Kâ€™:
[01m[K/home/chris/catkin_ws/src/CrazyS/rotors_control/src/library/lqr_feedforward_controller.cpp:331:5:[m[K [01;31m[Kerror: [m[Kâ€˜[01m[Kstate_[m[Kâ€™ was not declared in this scope; did you mean â€˜[01m[Kstate_t[m[Kâ€™?
  331 |     [01;31m[Kstate_[m[K.position.x = odometry_.position[0];
      |     [01;31m[K^~~~~~[m[K
      |     [32m[Kstate_t[m[K
[01m[K/home/chris/catkin_ws/src/CrazyS/rotors_control/src/library/lqr_feedforward_controller.cpp:331:25:[m[K [01;31m[Kerror: [m[Kâ€˜[01m[Kodometry_[m[Kâ€™ was not declared in this scope
  331 |     state_.position.x = [01;31m[Kodometry_[m[K.position[0];
      |                         [01;31m[K^~~~~~~~~[m[K
[01m[K/home/chris/catkin_ws/src/CrazyS/rotors_control/src/library/lqr_feedforward_controller.cpp:[m[K At global scope:
[01m[K/home/chris/catkin_ws/src/CrazyS/rotors_control/src/library/lqr_feedforward_controller.cpp:350:6:[m[K [01;31m[Kerror: [m[Kâ€˜[01m[KLQRControllerNode[m[Kâ€™ has not been declared
  350 | void [01;31m[KLQRControllerNode[m[K::RateController(double* delta_phi, double* delta_theta, double* delta_psi, double p_command, double q_command, double r_command) {
      |      [01;31m[K^~~~~~~~~~~~~~~~~[m[K
[01m[K/home/chris/catkin_ws/src/CrazyS/rotors_control/src/library/lqr_feedforward_controller.cpp:[m[K In function â€˜[01m[Kvoid rotors_control::RateController(double*, double*, double*, double, double, double)[m[Kâ€™:
[01m[K/home/chris/catkin_ws/src/CrazyS/rotors_control/src/library/lqr_feedforward_controller.cpp:358:9:[m[K [01;31m[Kerror: [m[Kâ€˜[01m[Kstate_[m[Kâ€™ was not declared in this scope; did you mean â€˜[01m[Kstate_t[m[Kâ€™?
  358 |     p = [01;31m[Kstate_[m[K.angularVelocity.x;
      |         [01;31m[K^~~~~~[m[K
      |         [32m[Kstate_t[m[K
[01m[K/home/chris/catkin_ws/src/CrazyS/rotors_control/src/library/lqr_feedforward_controller.cpp:369:20:[m[K [01;31m[Kerror: [m[Kâ€˜[01m[Krate_gain_kp_[m[Kâ€™ was not declared in this scope
  369 |     delta_phi_kp = [01;31m[Krate_gain_kp_[m[K.x() * p_error;
      |                    [01;31m[K^~~~~~~~~~~~~[m[K
[01m[K/home/chris/catkin_ws/src/CrazyS/rotors_control/src/library/lqr_feedforward_controller.cpp:377:5:[m[K [01;31m[Kerror: [m[Kâ€˜[01m[Kdelta_psi_ki_[m[Kâ€™ was not declared in this scope; did you mean â€˜[01m[Kdelta_psi_kp[m[Kâ€™?
  377 |     [01;31m[Kdelta_psi_ki_[m[K = delta_psi_ki_ + (rate_gain_ki_.z() * r_error * SAMPLING_TIME);
      |     [01;31m[K^~~~~~~~~~~~~[m[K
      |     [32m[Kdelta_psi_kp[m[K
[01m[K/home/chris/catkin_ws/src/CrazyS/rotors_control/src/library/lqr_feedforward_controller.cpp:377:38:[m[K [01;31m[Kerror: [m[Kâ€˜[01m[Krate_gain_ki_[m[Kâ€™ was not declared in this scope
  377 |     delta_psi_ki_ = delta_psi_ki_ + ([01;31m[Krate_gain_ki_[m[K.z() * r_error * SAMPLING_TIME);
      |                                      [01;31m[K^~~~~~~~~~~~~[m[K
[01m[K/home/chris/catkin_ws/src/CrazyS/rotors_control/src/library/lqr_feedforward_controller.cpp:[m[K At global scope:
[01m[K/home/chris/catkin_ws/src/CrazyS/rotors_control/src/library/lqr_feedforward_controller.cpp:382:6:[m[K [01;31m[Kerror: [m[Kâ€˜[01m[KLQRControllerNode[m[Kâ€™ has not been declared
  382 | void [01;31m[KLQRControllerNode[m[K::SetCurrentStateFromOdometry(const EigenOdometry& odometry) {
      |      [01;31m[K^~~~~~~~~~~~~~~~~[m[K
[01m[K/home/chris/catkin_ws/src/CrazyS/rotors_control/src/library/lqr_feedforward_controller.cpp:[m[K In function â€˜[01m[Kvoid rotors_control::SetCurrentStateFromOdometry(const rotors_control::EigenOdometry&)[m[Kâ€™:
[01m[K/home/chris/catkin_ws/src/CrazyS/rotors_control/src/library/lqr_feedforward_controller.cpp:384:5:[m[K [01;31m[Kerror: [m[Kâ€˜[01m[Kodometry_[m[Kâ€™ was not declared in this scope; did you mean â€˜[01m[Kodometry[m[Kâ€™?
  384 |     [01;31m[Kodometry_[m[K = odometry;
      |     [01;31m[K^~~~~~~~~[m[K
      |     [32m[Kodometry[m[K
[01m[K/home/chris/catkin_ws/src/CrazyS/rotors_control/src/library/lqr_feedforward_controller.cpp:[m[K At global scope:
[01m[K/home/chris/catkin_ws/src/CrazyS/rotors_control/src/library/lqr_feedforward_controller.cpp:391:6:[m[K [01;31m[Kerror: [m[Kâ€˜[01m[KLQRControllerNode[m[Kâ€™ has not been declared
  391 | void [01;31m[KLQRControllerNode[m[K::Quaternion2Euler(double* roll, double* pitch, double* yaw) const {
      |      [01;31m[K^~~~~~~~~~~~~~~~~[m[K
[01m[K/home/chris/catkin_ws/src/CrazyS/rotors_control/src/library/lqr_feedforward_controller.cpp:391:84:[m[K [01;31m[Kerror: [m[Knon-member function â€˜[01m[Kvoid rotors_control::Quaternion2Euler(double*, double*, double*)[m[Kâ€™ cannot have cv-qualifier
  391 | void LQRControllerNode::Quaternion2Euler(double* roll, double* pitch, double* yaw) [01;31m[Kconst[m[K {
      |                                                                                    [01;31m[K^~~~~[m[K
[01m[K/home/chris/catkin_ws/src/CrazyS/rotors_control/src/library/lqr_feedforward_controller.cpp:[m[K In function â€˜[01m[Kvoid rotors_control::Quaternion2Euler(double*, double*, double*)[m[Kâ€™:
[01m[K/home/chris/catkin_ws/src/CrazyS/rotors_control/src/library/lqr_feedforward_controller.cpp:398:9:[m[K [01;31m[Kerror: [m[Kâ€˜[01m[Kstate_[m[Kâ€™ was not declared in this scope; did you mean â€˜[01m[Kstate_t[m[Kâ€™?
  398 |     x = [01;31m[Kstate_[m[K.attitudeQuaternion.x;
      |         [01;31m[K^~~~~~[m[K
      |         [32m[Kstate_t[m[K
[01m[K/home/chris/catkin_ws/src/CrazyS/rotors_control/src/library/lqr_feedforward_controller.cpp:[m[K At global scope:
[01m[K/home/chris/catkin_ws/src/CrazyS/rotors_control/src/library/lqr_feedforward_controller.cpp:410:6:[m[K [01;31m[Kerror: [m[Kâ€˜[01m[KLQRControllerNode[m[Kâ€™ has not been declared
  410 | void [01;31m[KLQRControllerNode[m[K::CalculateRotorVelocities(Eigen::Vector4d* rotor_velocities, double PWM_1, double PWM_2, double PWM_3, double PWM_4) {
      |      [01;31m[K^~~~~~~~~~~~~~~~~[m[K
[01m[K/home/chris/catkin_ws/src/CrazyS/rotors_control/src/library/lqr_feedforward_controller.cpp:[m[K In function â€˜[01m[Kvoid rotors_control::CalculateRotorVelocities(Eigen::Vector4d*, double, double, double, double)[m[Kâ€™:
[01m[K/home/chris/catkin_ws/src/CrazyS/rotors_control/src/library/lqr_feedforward_controller.cpp:414:10:[m[K [01;31m[Kerror: [m[Kâ€˜[01m[Kcontroller_active_[m[Kâ€™ was not declared in this scope
  414 |     if (![01;31m[Kcontroller_active_[m[K) {
      |          [01;31m[K^~~~~~~~~~~~~~~~~~[m[K
make[2]: *** [CMakeFiles/lqr_feedforward_controller.dir/build.make:63: CMakeFiles/lqr_feedforward_controller.dir/src/library/lqr_feedforward_controller.cpp.o] Error 1
make[1]: *** [CMakeFiles/Makefile2:1773: CMakeFiles/lqr_feedforward_controller.dir/all] Error 2
make[1]: *** Waiting for unfinished jobs....
[ 88%] [32m[1mLinking CXX executable /home/chris/catkin_ws/devel/.private/rotors_control/lib/rotors_control/attitude_controller_node[0m
[ 88%] Built target attitude_controller_node
make: *** [Makefile:130: all] Error 2
