[01m[K/home/chris/catkin_ws/src/CrazyS/rotors_control/src/library/attitude_controller_v2.cpp:[m[K In member function â€˜[01m[Kvoid rotors_control::AttitudeController::SetControllerGains()[m[Kâ€™:
[01m[K/home/chris/catkin_ws/src/CrazyS/rotors_control/src/library/attitude_controller_v2.cpp:124:9:[m[K [01;31m[Kerror: [m[Kâ€˜[01m[Kattitude_gain_kp[m[Kâ€™ was not declared in this scope; did you mean â€˜[01m[Kattitude_gain_kp_[m[Kâ€™?
  124 |         [01;31m[Kattitude_gain_kp[m[K *= factor;
      |         [01;31m[K^~~~~~~~~~~~~~~~[m[K
      |         [32m[Kattitude_gain_kp_[m[K
[01m[K/home/chris/catkin_ws/src/CrazyS/rotors_control/src/library/position_controller_v2.cpp:[m[K In member function â€˜[01m[Kvoid rotors_control::PositionController::SetControllerGains()[m[Kâ€™:
[01m[K/home/chris/catkin_ws/src/CrazyS/rotors_control/src/library/position_controller_v2.cpp:127:9:[m[K [01;31m[Kerror: [m[Kâ€˜[01m[Kattitude_gain_kp[m[Kâ€™ was not declared in this scope; did you mean â€˜[01m[Kattitude_gain_kp_[m[Kâ€™?
  127 |         [01;31m[Kattitude_gain_kp[m[K *= factor;
      |         [01;31m[K^~~~~~~~~~~~~~~~[m[K
      |         [32m[Kattitude_gain_kp_[m[K
make[2]: *** [CMakeFiles/attitude_controller_v2.dir/build.make:63: CMakeFiles/attitude_controller_v2.dir/src/library/attitude_controller_v2.cpp.o] Error 1
make[1]: *** [CMakeFiles/Makefile2:327: CMakeFiles/attitude_controller_v2.dir/all] Error 2
make[1]: *** Waiting for unfinished jobs....
make[2]: *** [CMakeFiles/position_controller_v2.dir/build.make:63: CMakeFiles/position_controller_v2.dir/src/library/position_controller_v2.cpp.o] Error 1
make[1]: *** [CMakeFiles/Makefile2:1702: CMakeFiles/position_controller_v2.dir/all] Error 2
make: *** [Makefile:130: all] Error 2
