In file included from [01m[K/opt/ros/noetic/include/ros/assert.h:35[m[K,
                 from [01m[K/opt/ros/noetic/include/ros/common.h:36[m[K,
                 from [01m[K/opt/ros/noetic/include/ros/callback_queue_interface.h:39[m[K,
                 from [01m[K/opt/ros/noetic/include/ros/callback_queue.h:38[m[K,
                 from [01m[K/home/chris/catkin_ws/src/CrazyS/rotors_control/src/nodes/lqr_feedforward_controller_node.h:15[m[K,
                 from [01m[K/home/chris/catkin_ws/src/CrazyS/rotors_control/src/nodes/lqr_feedforward_controller_node.cpp:2[m[K:
[01m[K/home/chris/catkin_ws/src/CrazyS/rotors_control/src/nodes/lqr_feedforward_controller_node.cpp:[m[K In member function â€˜[01m[Kvoid rotors_control::LQRControllerNode::MultiDofJointTrajectoryCallback(const MultiDOFJointTrajectoryConstPtr&)[m[Kâ€™:
[01m[K/home/chris/catkin_ws/src/CrazyS/rotors_control/src/nodes/lqr_feedforward_controller_node.cpp:87:57:[m[K [01;31m[Kerror: [m[Kâ€˜[01m[Kstruct mav_msgs::EigenTrajectoryPoint[m[Kâ€™ has no member named â€˜[01m[Kangular_velocity_B[m[Kâ€™; did you mean â€˜[01m[Kangular_velocity_W[m[Kâ€™?
   87 |             << "Angular Velocity: [" << eigen_reference.[01;31m[Kangular_velocity_B[m[K.transpose() << "]");
      |                                                         [01;31m[K^~~~~~~~~~~~~~~~~~[m[K
[01m[K/opt/ros/noetic/include/ros/console.h:361:64:[m[K [01;36m[Knote: [m[Kin definition of macro â€˜[01m[KROSCONSOLE_PRINT_STREAM_AT_LOCATION_WITH_FILTER[m[Kâ€™
  361 |     __rosconsole_print_stream_at_location_with_filter__ss__ << [01;36m[Kargs[m[K; \
      |                                                                [01;36m[K^~~~[m[K
[01m[K/opt/ros/noetic/include/ros/console.h:409:7:[m[K [01;36m[Knote: [m[Kin expansion of macro â€˜[01m[KROSCONSOLE_PRINT_STREAM_AT_LOCATION[m[Kâ€™
  409 |       [01;36m[KROSCONSOLE_PRINT_STREAM_AT_LOCATION[m[K(args); \
      |       [01;36m[K^~~~~~~~~~~~~~~~~~~~~~~~~~~~~~~~~~~[m[K
[01m[K/opt/ros/noetic/include/ros/console.h:582:43:[m[K [01;36m[Knote: [m[Kin expansion of macro â€˜[01m[KROS_LOG_STREAM_COND[m[Kâ€™
  582 | #define ROS_LOG_STREAM(level, name, args) [01;36m[KROS_LOG_STREAM_COND[m[K(true, level, name, args)
      |                                           [01;36m[K^~~~~~~~~~~~~~~~~~~[m[K
[01m[K/opt/ros/noetic/include/rosconsole/macros_generated.h:111:31:[m[K [01;36m[Knote: [m[Kin expansion of macro â€˜[01m[KROS_LOG_STREAM[m[Kâ€™
  111 | #define ROS_INFO_STREAM(args) [01;36m[KROS_LOG_STREAM[m[K(::ros::console::levels::Info, ROSCONSOLE_DEFAULT_NAME, args)
      |                               [01;36m[K^~~~~~~~~~~~~~[m[K
[01m[K/home/chris/catkin_ws/src/CrazyS/rotors_control/src/nodes/lqr_feedforward_controller_node.cpp:80:5:[m[K [01;36m[Knote: [m[Kin expansion of macro â€˜[01m[KROS_INFO_STREAM[m[Kâ€™
   80 |     [01;36m[KROS_INFO_STREAM[m[K("Eigen Reference: \n"
      |     [01;36m[K^~~~~~~~~~~~~~~[m[K
[01m[K/home/chris/catkin_ws/src/CrazyS/rotors_control/src/nodes/lqr_feedforward_controller_node.cpp:94:75:[m[K [01;31m[Kerror: [m[Kâ€˜[01m[Kstruct mav_msgs::EigenTrajectoryPoint[m[Kâ€™ has no member named â€˜[01m[Kangular_velocity_B[m[Kâ€™; did you mean â€˜[01m[Kangular_velocity_W[m[Kâ€™?
   94 |                      eigen_reference.orientation_W_B.z(), eigen_reference.[01;31m[Kangular_velocity_B[m[K[0],
      |                                                                           [01;31m[K^~~~~~~~~~~~~~~~~~[m[K
      |                                                                           [32m[Kangular_velocity_W[m[K
[01m[K/home/chris/catkin_ws/src/CrazyS/rotors_control/src/nodes/lqr_feedforward_controller_node.cpp:95:38:[m[K [01;31m[Kerror: [m[Kâ€˜[01m[Kstruct mav_msgs::EigenTrajectoryPoint[m[Kâ€™ has no member named â€˜[01m[Kangular_velocity_B[m[Kâ€™; did you mean â€˜[01m[Kangular_velocity_W[m[Kâ€™?
   95 |                      eigen_reference.[01;31m[Kangular_velocity_B[m[K[1], eigen_reference.angular_velocity_B[2];
      |                                      [01;31m[K^~~~~~~~~~~~~~~~~~[m[K
      |                                      [32m[Kangular_velocity_W[m[K
[01m[K/home/chris/catkin_ws/src/CrazyS/rotors_control/src/nodes/lqr_feedforward_controller_node.cpp:95:77:[m[K [01;31m[Kerror: [m[Kâ€˜[01m[Kstruct mav_msgs::EigenTrajectoryPoint[m[Kâ€™ has no member named â€˜[01m[Kangular_velocity_B[m[Kâ€™; did you mean â€˜[01m[Kangular_velocity_W[m[Kâ€™?
   95 |                      eigen_reference.angular_velocity_B[1], eigen_reference.[01;31m[Kangular_velocity_B[m[K[2];
      |                                                                             [01;31m[K^~~~~~~~~~~~~~~~~~[m[K
      |                                                                             [32m[Kangular_velocity_W[m[K
make[2]: *** [CMakeFiles/lqr_feedforward_controller_node.dir/build.make:63: CMakeFiles/lqr_feedforward_controller_node.dir/src/nodes/lqr_feedforward_controller_node.cpp.o] Error 1
make[1]: *** [CMakeFiles/Makefile2:1845: CMakeFiles/lqr_feedforward_controller_node.dir/all] Error 2
make: *** [Makefile:130: all] Error 2
